<?xml version="1.0" encoding="UTF-8"?>
<Site BuildName="(empty)"
	BuildStamp="20171008-1610-Experimental"
	Name="(empty)"
	Generator="ctest-3.9.4"
	CompilerName=""
	CompilerVersion=""
	OSName="Mac OS X"
	Hostname="iMac.fritz.box"
	OSRelease="10.12.6"
	OSVersion="16G29"
	OSPlatform="x86_64"
	Is64Bits="1"
	VendorString="GenuineIntel"
	VendorID="Intel Corporation"
	FamilyID="6"
	ModelID="94"
	ProcessorCacheSize="32768"
	NumberOfLogicalCPU="8"
	NumberOfPhysicalCPU="4"
	TotalVirtualMemory="0"
	TotalPhysicalMemory="32768"
	LogicalProcessorsPerPhysical="8"
	ProcessorClockFrequency="4000"
	>
	<Testing>
		<StartDateTime>Oct 08 18:10 CEST</StartDateTime>
		<StartTestTime>1507479017</StartTestTime>
		<TestList/>
		<EndDateTime>Oct 08 18:10 CEST</EndDateTime>
		<EndTestTime>1507479017</EndTestTime>
		<ElapsedMinutes>0</ElapsedMinutes>
	</Testing>
</Site>
